# JRE version: OpenJDK Runtime Environment (8.0_242-b01) (build 1.8.0_242-release-1644-b01)
# Java VM: OpenJDK 64-Bit Server VM (25.242-b01 mixed mode windows-amd64 compressed oops)
Heap:
 PSYoungGen      total 339968K, used 87054K [0x00000000d5580000, 0x00000000f3700000, 0x0000000100000000)
  eden space 281088K, 10% used [0x00000000d5580000,0x00000000d7104110,0x00000000e6800000)
  from space 58880K, 99% used [0x00000000e6800000,0x00000000ea17f7d0,0x00000000ea180000)
  to   space 82432K, 0% used [0x00000000ee680000,0x00000000ee680000,0x00000000f3700000)
 ParOldGen       total 186880K, used 141286K [0x0000000080000000, 0x000000008b680000, 0x00000000d5580000)
  object space 186880K, 75% used [0x0000000080000000,0x00000000889f9910,0x000000008b680000)
 Metaspace       used 128585K, capacity 139200K, committed 139416K, reserved 1171456K
  class space    used 16312K, capacity 18044K, committed 18088K, reserved 1048576K
GC Heap History (10 events):
Event: 19985.906 GC heap before
{Heap before GC invocations=52 (full 9):
 PSYoungGen      total 268800K, used 268784K [0x00000000d5580000, 0x00000000eaa00000, 0x0000000100000000)
  eden space 261632K, 100% used [0x00000000d5580000,0x00000000e5500000,0x00000000e5500000)
  from space 7168K, 99% used [0x00000000e9800000,0x00000000e9efc030,0x00000000e9f00000)
  to   space 43520K, 0% used [0x00000000e5500000,0x00000000e5500000,0x00000000e7f80000)
 ParOldGen       total 186880K, used 103260K [0x0000000080000000, 0x000000008b680000, 0x00000000d5580000)
  object space 186880K, 55% used [0x0000000080000000,0x00000000864d7310,0x000000008b680000)
 Metaspace       used 127508K, capacity 137864K, committed 138008K, reserved 1169408K
  class space    used 16212K, capacity 17916K, committed 17960K, reserved 1048576K
Event: 19986.052 GC heap after
Heap after GC invocations=52 (full 9):
 PSYoungGen      total 305152K, used 26248K [0x00000000d5580000, 0x00000000ec380000, 0x0000000100000000)
  eden space 261632K, 0% used [0x00000000d5580000,0x00000000d5580000,0x00000000e5500000)
  from space 43520K, 60% used [0x00000000e5500000,0x00000000e6ea22d0,0x00000000e7f80000)
  to   space 44544K, 0% used [0x00000000e9800000,0x00000000e9800000,0x00000000ec380000)
 ParOldGen       total 186880K, used 103268K [0x0000000080000000, 0x000000008b680000, 0x00000000d5580000)
  object space 186880K, 55% used [0x0000000080000000,0x00000000864d9310,0x000000008b680000)
 Metaspace       used 127508K, capacity 137864K, committed 138008K, reserved 1169408K
  class space    used 16212K, capacity 17916K, committed 17960K, reserved 1048576K
}
Event: 20203.609 GC heap before
{Heap before GC invocations=53 (full 9):
 PSYoungGen      total 305152K, used 287880K [0x00000000d5580000, 0x00000000ec380000, 0x0000000100000000)
  eden space 261632K, 100% used [0x00000000d5580000,0x00000000e5500000,0x00000000e5500000)
  from space 43520K, 60% used [0x00000000e5500000,0x00000000e6ea22d0,0x00000000e7f80000)
  to   space 44544K, 0% used [0x00000000e9800000,0x00000000e9800000,0x00000000ec380000)
 ParOldGen       total 186880K, used 103268K [0x0000000080000000, 0x000000008b680000, 0x00000000d5580000)
  object space 186880K, 55% used [0x0000000080000000,0x00000000864d9310,0x000000008b680000)
 Metaspace       used 128040K, capacity 138588K, committed 138904K, reserved 1169408K
  class space    used 16283K, capacity 18018K, committed 18088K, reserved 1048576K
Event: 20203.705 GC heap after
Heap after GC invocations=53 (full 9):
 PSYoungGen      total 294912K, used 42325K [0x00000000d5580000, 0x00000000ec180000, 0x0000000100000000)
  eden space 252416K, 0% used [0x00000000d5580000,0x00000000d5580000,0x00000000e4c00000)
  from space 42496K, 99% used [0x00000000e9800000,0x00000000ec155660,0x00000000ec180000)
  to   space 50688K, 0% used [0x00000000e5e80000,0x00000000e5e80000,0x00000000e9000000)
 ParOldGen       total 186880K, used 103268K [0x0000000080000000, 0x000000008b680000, 0x00000000d5580000)
  object space 186880K, 55% used [0x0000000080000000,0x00000000864d9310,0x000000008b680000)
 Metaspace       used 128040K, capacity 138588K, committed 138904K, reserved 1169408K
  class space    used 16283K, capacity 18018K, committed 18088K, reserved 1048576K
}
Event: 20205.740 GC heap before
{Heap before GC invocations=54 (full 9):
 PSYoungGen      total 294912K, used 294741K [0x00000000d5580000, 0x00000000ec180000, 0x0000000100000000)
  eden space 252416K, 100% used [0x00000000d5580000,0x00000000e4c00000,0x00000000e4c00000)
  from space 42496K, 99% used [0x00000000e9800000,0x00000000ec155660,0x00000000ec180000)
  to   space 50688K, 0% used [0x00000000e5e80000,0x00000000e5e80000,0x00000000e9000000)
 ParOldGen       total 186880K, used 103268K [0x0000000080000000, 0x000000008b680000, 0x00000000d5580000)
  object space 186880K, 55% used [0x0000000080000000,0x00000000864d9310,0x000000008b680000)
 Metaspace       used 128428K, capacity 138972K, committed 139160K, reserved 1171456K
  class space    used 16308K, capacity 18040K, committed 18088K, reserved 1048576K
Event: 20205.843 GC heap after
Heap after GC invocations=54 (full 9):
 PSYoungGen      total 322048K, used 41229K [0x00000000d5580000, 0x00000000ed800000, 0x0000000100000000)
  eden space 271360K, 0% used [0x00000000d5580000,0x00000000d5580000,0x00000000e5e80000)
  from space 50688K, 81% used [0x00000000e5e80000,0x00000000e86c3438,0x00000000e9000000)
  to   space 55808K, 0% used [0x00000000ea180000,0x00000000ea180000,0x00000000ed800000)
 ParOldGen       total 186880K, used 103276K [0x0000000080000000, 0x000000008b680000, 0x00000000d5580000)
  object space 186880K, 55% used [0x0000000080000000,0x00000000864db310,0x000000008b680000)
 Metaspace       used 128428K, capacity 138972K, committed 139160K, reserved 1171456K
  class space    used 16308K, capacity 18040K, committed 18088K, reserved 1048576K
}
Event: 20207.996 GC heap before
{Heap before GC invocations=55 (full 9):
 PSYoungGen      total 322048K, used 312589K [0x00000000d5580000, 0x00000000ed800000, 0x0000000100000000)
  eden space 271360K, 100% used [0x00000000d5580000,0x00000000e5e80000,0x00000000e5e80000)
  from space 50688K, 81% used [0x00000000e5e80000,0x00000000e86c3438,0x00000000e9000000)
  to   space 55808K, 0% used [0x00000000ea180000,0x00000000ea180000,0x00000000ed800000)
 ParOldGen       total 186880K, used 103276K [0x0000000080000000, 0x000000008b680000, 0x00000000d5580000)
  object space 186880K, 55% used [0x0000000080000000,0x00000000864db310,0x000000008b680000)
 Metaspace       used 128498K, capacity 139064K, committed 139160K, reserved 1171456K
  class space    used 16311K, capacity 18044K, committed 18088K, reserved 1048576K
Event: 20208.048 GC heap after
Heap after GC invocations=55 (full 9):
 PSYoungGen      total 336896K, used 38917K [0x00000000d5580000, 0x00000000ef000000, 0x0000000100000000)
  eden space 281088K, 0% used [0x00000000d5580000,0x00000000d5580000,0x00000000e6800000)
  from space 55808K, 69% used [0x00000000ea180000,0x00000000ec781720,0x00000000ed800000)
  to   space 58880K, 0% used [0x00000000e6800000,0x00000000e6800000,0x00000000ea180000)
 ParOldGen       total 186880K, used 103284K [0x0000000080000000, 0x000000008b680000, 0x00000000d5580000)
  object space 186880K, 55% used [0x0000000080000000,0x00000000864dd310,0x000000008b680000)
 Metaspace       used 128498K, capacity 139064K, committed 139160K, reserved 1171456K
  class space    used 16311K, capacity 18044K, committed 18088K, reserved 1048576K
}
Event: 20209.585 GC heap before
{Heap before GC invocations=56 (full 9):
 PSYoungGen      total 336896K, used 320005K [0x00000000d5580000, 0x00000000ef000000, 0x0000000100000000)
  eden space 281088K, 100% used [0x00000000d5580000,0x00000000e6800000,0x00000000e6800000)
  from space 55808K, 69% used [0x00000000ea180000,0x00000000ec781720,0x00000000ed800000)
  to   space 58880K, 0% used [0x00000000e6800000,0x00000000e6800000,0x00000000ea180000)
 ParOldGen       total 186880K, used 103284K [0x0000000080000000, 0x000000008b680000, 0x00000000d5580000)
  object space 186880K, 55% used [0x0000000080000000,0x00000000864dd310,0x000000008b680000)
 Metaspace       used 128584K, capacity 139200K, committed 139416K, reserved 1171456K
  class space    used 16312K, capacity 18044K, committed 18088K, reserved 1048576K
Event: 20209.890 GC heap after
Heap after GC invocations=56 (full 9):
 PSYoungGen      total 339968K, used 58877K [0x00000000d5580000, 0x00000000f3700000, 0x0000000100000000)
  eden space 281088K, 0% used [0x00000000d5580000,0x00000000d5580000,0x00000000e6800000)
  from space 58880K, 99% used [0x00000000e6800000,0x00000000ea17f7d0,0x00000000ea180000)
  to   space 82432K, 0% used [0x00000000ee680000,0x00000000ee680000,0x00000000f3700000)
 ParOldGen       total 186880K, used 141286K [0x0000000080000000, 0x000000008b680000, 0x00000000d5580000)
  object space 186880K, 75% used [0x0000000080000000,0x00000000889f9910,0x000000008b680000)
 Metaspace       used 128584K, capacity 139200K, committed 139416K, reserved 1171456K
  class space    used 16312K, capacity 18044K, committed 18088K, reserved 1048576K
}

